[2024-09-02 22:19:44Z INFO HostContext] No proxy settings were found based on environmental variables (http_proxy/https_proxy/HTTP_PROXY/HTTPS_PROXY)
[2024-09-02 22:19:44Z INFO HostContext] Well known directory 'Bin': 'E:\Projets\KafkaConnect_IOT\springkafkamockdata\actions-runner\bin'
[2024-09-02 22:19:44Z INFO HostContext] Well known directory 'Root': 'E:\Projets\KafkaConnect_IOT\springkafkamockdata\actions-runner'
[2024-09-02 22:19:44Z INFO HostContext] Well known config file 'Credentials': 'E:\Projets\KafkaConnect_IOT\springkafkamockdata\actions-runner\.credentials'
[2024-09-02 22:19:44Z INFO HostContext] Well known directory 'Bin': 'E:\Projets\KafkaConnect_IOT\springkafkamockdata\actions-runner\bin'
[2024-09-02 22:19:44Z INFO HostContext] Well known directory 'Root': 'E:\Projets\KafkaConnect_IOT\springkafkamockdata\actions-runner'
[2024-09-02 22:19:44Z INFO HostContext] Well known config file 'Runner': 'E:\Projets\KafkaConnect_IOT\springkafkamockdata\actions-runner\.runner'
[2024-09-02 22:19:44Z INFO Listener] Runner is built for Windows (X64) - win-x64.
[2024-09-02 22:19:44Z INFO Listener] RuntimeInformation: Microsoft Windows 10.0.26120.
[2024-09-02 22:19:44Z INFO Listener] Version: 2.319.1
[2024-09-02 22:19:44Z INFO Listener] Commit: bc6614c04d3ddc20e5ca5d5a87ae2b58dda322ec
[2024-09-02 22:19:44Z INFO Listener] Culture: en-US
[2024-09-02 22:19:44Z INFO Listener] UI Culture: fr-CA
[2024-09-02 22:19:44Z INFO HostContext] Well known directory 'Bin': 'E:\Projets\KafkaConnect_IOT\springkafkamockdata\actions-runner\bin'
[2024-09-02 22:19:44Z INFO HostContext] Well known directory 'Root': 'E:\Projets\KafkaConnect_IOT\springkafkamockdata\actions-runner'
[2024-09-02 22:19:44Z INFO Listener] Validating directory permissions for: 'E:\Projets\KafkaConnect_IOT\springkafkamockdata\actions-runner'
[2024-09-02 22:19:44Z INFO CommandLineParser] Parse
[2024-09-02 22:19:44Z INFO CommandLineParser] Parsing 1 args
[2024-09-02 22:19:44Z INFO CommandLineParser] parsing argument
[2024-09-02 22:19:44Z INFO CommandLineParser] HasArgs: False
[2024-09-02 22:19:44Z INFO CommandLineParser] Adding Command: run
[2024-09-02 22:19:44Z INFO Listener] Arguments parsed
[2024-09-02 22:19:44Z INFO Runner] ExecuteCommand
[2024-09-02 22:19:44Z INFO ConfigurationStore] currentAssemblyLocation: E:\Projets\KafkaConnect_IOT\springkafkamockdata\actions-runner\bin\Runner.Listener.dll
[2024-09-02 22:19:44Z INFO HostContext] Well known directory 'Bin': 'E:\Projets\KafkaConnect_IOT\springkafkamockdata\actions-runner\bin'
[2024-09-02 22:19:44Z INFO ConfigurationStore] binPath: E:\Projets\KafkaConnect_IOT\springkafkamockdata\actions-runner\bin
[2024-09-02 22:19:44Z INFO HostContext] Well known directory 'Bin': 'E:\Projets\KafkaConnect_IOT\springkafkamockdata\actions-runner\bin'
[2024-09-02 22:19:44Z INFO HostContext] Well known directory 'Root': 'E:\Projets\KafkaConnect_IOT\springkafkamockdata\actions-runner'
[2024-09-02 22:19:44Z INFO ConfigurationStore] RootFolder: E:\Projets\KafkaConnect_IOT\springkafkamockdata\actions-runner
[2024-09-02 22:19:44Z INFO HostContext] Well known directory 'Bin': 'E:\Projets\KafkaConnect_IOT\springkafkamockdata\actions-runner\bin'
[2024-09-02 22:19:44Z INFO HostContext] Well known directory 'Root': 'E:\Projets\KafkaConnect_IOT\springkafkamockdata\actions-runner'
[2024-09-02 22:19:44Z INFO HostContext] Well known config file 'Runner': 'E:\Projets\KafkaConnect_IOT\springkafkamockdata\actions-runner\.runner'
[2024-09-02 22:19:44Z INFO ConfigurationStore] ConfigFilePath: E:\Projets\KafkaConnect_IOT\springkafkamockdata\actions-runner\.runner
[2024-09-02 22:19:44Z INFO HostContext] Well known directory 'Bin': 'E:\Projets\KafkaConnect_IOT\springkafkamockdata\actions-runner\bin'
[2024-09-02 22:19:44Z INFO HostContext] Well known directory 'Root': 'E:\Projets\KafkaConnect_IOT\springkafkamockdata\actions-runner'
[2024-09-02 22:19:44Z INFO HostContext] Well known config file 'Credentials': 'E:\Projets\KafkaConnect_IOT\springkafkamockdata\actions-runner\.credentials'
[2024-09-02 22:19:44Z INFO ConfigurationStore] CredFilePath: E:\Projets\KafkaConnect_IOT\springkafkamockdata\actions-runner\.credentials
[2024-09-02 22:19:44Z INFO HostContext] Well known directory 'Bin': 'E:\Projets\KafkaConnect_IOT\springkafkamockdata\actions-runner\bin'
[2024-09-02 22:19:44Z INFO HostContext] Well known directory 'Root': 'E:\Projets\KafkaConnect_IOT\springkafkamockdata\actions-runner'
[2024-09-02 22:19:44Z INFO HostContext] Well known config file 'MigratedCredentials': 'E:\Projets\KafkaConnect_IOT\springkafkamockdata\actions-runner\.credentials_migrated'
[2024-09-02 22:19:44Z INFO ConfigurationStore] MigratedCredFilePath: E:\Projets\KafkaConnect_IOT\springkafkamockdata\actions-runner\.credentials_migrated
[2024-09-02 22:19:44Z INFO HostContext] Well known directory 'Bin': 'E:\Projets\KafkaConnect_IOT\springkafkamockdata\actions-runner\bin'
[2024-09-02 22:19:44Z INFO HostContext] Well known directory 'Root': 'E:\Projets\KafkaConnect_IOT\springkafkamockdata\actions-runner'
[2024-09-02 22:19:44Z INFO HostContext] Well known config file 'Service': 'E:\Projets\KafkaConnect_IOT\springkafkamockdata\actions-runner\.service'
[2024-09-02 22:19:44Z INFO ConfigurationStore] ServiceConfigFilePath: E:\Projets\KafkaConnect_IOT\springkafkamockdata\actions-runner\.service
[2024-09-02 22:19:44Z INFO CommandSettings] Flag 'help': 'False'
[2024-09-02 22:19:44Z INFO CommandSettings] Flag 'version': 'False'
[2024-09-02 22:19:44Z INFO CommandSettings] Flag 'commit': 'False'
[2024-09-02 22:19:44Z INFO CommandSettings] Flag 'check': 'False'
[2024-09-02 22:19:44Z INFO CommandSettings] Command 'configure': 'False'
[2024-09-02 22:19:44Z INFO CommandSettings] Command 'remove': 'False'
[2024-09-02 22:19:44Z INFO CommandSettings] Command 'warmup': 'False'
[2024-09-02 22:19:44Z INFO ConfigurationManager] LoadSettings
[2024-09-02 22:19:44Z INFO ConfigurationStore] IsConfigured()
[2024-09-02 22:19:44Z INFO ConfigurationStore] IsConfigured: True
[2024-09-02 22:19:44Z INFO ConfigurationManager] Is configured: True
[2024-09-02 22:19:44Z INFO ConfigurationStore] Read setting file: 324 chars
[2024-09-02 22:19:44Z INFO ConfigurationManager] Settings Loaded
[2024-09-02 22:19:44Z INFO ConfigurationStore] IsServiceConfigured()
[2024-09-02 22:19:44Z INFO ConfigurationStore] IsServiceConfigured: False
[2024-09-02 22:19:44Z INFO CommandSettings] Command 'run': 'True'
[2024-09-02 22:19:44Z INFO ConfigurationStore] IsConfigured()
[2024-09-02 22:19:44Z INFO ConfigurationStore] IsConfigured: True
[2024-09-02 22:19:44Z INFO ConfigurationManager] Is configured: True
[2024-09-02 22:19:44Z INFO Runner] Could not parse the argument value '' for StartupType. Defaulting to Manual
[2024-09-02 22:19:44Z INFO Runner] Set runner startup type - Manual
[2024-09-02 22:19:44Z INFO CommandSettings] Flag 'once': 'False'
[2024-09-02 22:19:44Z INFO CommandSettings] Flag 'once': 'False'
[2024-09-02 22:19:44Z INFO Runner] RunAsync
[2024-09-02 22:19:44Z INFO ConfigurationManager] LoadSettings
[2024-09-02 22:19:44Z INFO ConfigurationStore] IsConfigured()
[2024-09-02 22:19:44Z INFO ConfigurationStore] IsConfigured: True
[2024-09-02 22:19:44Z INFO ConfigurationManager] Is configured: True
[2024-09-02 22:19:44Z INFO ConfigurationManager] Settings Loaded
[2024-09-02 22:19:44Z INFO MessageListener] {
  "AgentId": 21,
  "AgentName": "DESKTOP-LR8HLGS",
  "PoolId": 1,
  "PoolName": "Default",
  "ServerUrl": "https://pipelinesghubeus2.actions.githubusercontent.com/Brnkrle7VRM5zAx07DEIc5KkYlHWG3GEJrSRMpMsp3Fm5xyoJ7/",
  "GitHubUrl": "https://github.com/dominicpotvin/springkafkamockedata",
  "WorkFolder": "_work"
}
[2024-09-02 22:19:44Z INFO MessageListener] Loading Credentials
[2024-09-02 22:19:44Z INFO ConfigurationStore] HasCredentials()
[2024-09-02 22:19:44Z INFO ConfigurationStore] stored True
[2024-09-02 22:19:44Z INFO CredentialManager] GetCredentialProvider
[2024-09-02 22:19:44Z INFO CredentialManager] Creating type OAuth
[2024-09-02 22:19:44Z INFO CredentialManager] Creating credential type: OAuth
[2024-09-02 22:19:44Z INFO HostContext] Well known directory 'Bin': 'E:\Projets\KafkaConnect_IOT\springkafkamockdata\actions-runner\bin'
[2024-09-02 22:19:44Z INFO HostContext] Well known directory 'Root': 'E:\Projets\KafkaConnect_IOT\springkafkamockdata\actions-runner'
[2024-09-02 22:19:44Z INFO HostContext] Well known config file 'RSACredentials': 'E:\Projets\KafkaConnect_IOT\springkafkamockdata\actions-runner\.credentials_rsaparams'
[2024-09-02 22:19:44Z INFO RSAEncryptedFileKeyManager] Loading RSA key parameters from file E:\Projets\KafkaConnect_IOT\springkafkamockdata\actions-runner\.credentials_rsaparams
[2024-09-02 22:19:44Z INFO MessageListener] Attempt to create session.
[2024-09-02 22:19:44Z INFO MessageListener] Connecting to the Runner Server...
[2024-09-02 22:19:44Z INFO RunnerServer] EstablishVssConnection
[2024-09-02 22:19:44Z INFO RunnerServer] Establish connection with 100 seconds timeout.
[2024-09-02 22:19:45Z INFO GitHubActionsService] Starting operation Location.GetConnectionData
[2024-09-02 22:19:45Z INFO RunnerServer] EstablishVssConnection
[2024-09-02 22:19:45Z INFO RunnerServer] Establish connection with 60 seconds timeout.
[2024-09-02 22:19:45Z INFO GitHubActionsService] Starting operation Location.GetConnectionData
[2024-09-02 22:19:45Z INFO RunnerServer] EstablishVssConnection
[2024-09-02 22:19:45Z INFO RunnerServer] Establish connection with 60 seconds timeout.
[2024-09-02 22:19:45Z INFO GitHubActionsService] Starting operation Location.GetConnectionData
[2024-09-02 22:19:45Z INFO GitHubActionsService] Finished operation Location.GetConnectionData
[2024-09-02 22:19:45Z INFO GitHubActionsService] Finished operation Location.GetConnectionData
[2024-09-02 22:19:45Z INFO GitHubActionsService] Finished operation Location.GetConnectionData
[2024-09-02 22:19:45Z INFO MessageListener] VssConnection created
[2024-09-02 22:19:45Z INFO Terminal] WRITE LINE: 
[2024-09-02 22:19:45Z INFO Terminal] WRITE LINE: 
[2024-09-02 22:19:45Z INFO RSAEncryptedFileKeyManager] Loading RSA key parameters from file E:\Projets\KafkaConnect_IOT\springkafkamockdata\actions-runner\.credentials_rsaparams
[2024-09-02 22:19:45Z INFO RSAEncryptedFileKeyManager] Loading RSA key parameters from file E:\Projets\KafkaConnect_IOT\springkafkamockdata\actions-runner\.credentials_rsaparams
[2024-09-02 22:19:45Z INFO GitHubActionsService] AAD Correlation ID for this token request: Unknown
[2024-09-02 22:19:45Z INFO MessageListener] Session created.
[2024-09-02 22:19:45Z INFO Terminal] WRITE LINE: Current runner version: '2.319.1'
[2024-09-02 22:19:45Z INFO Terminal] WRITE LINE: 2024-09-02 22:19:45Z: Listening for Jobs
[2024-09-02 22:19:46Z INFO JobDispatcher] Set runner/worker IPC timeout to 30 seconds.
[2024-09-02 22:19:46Z INFO MessageListener] BrokerMigration message received. Polling Broker for messages...
[2024-09-02 22:19:46Z INFO RSAEncryptedFileKeyManager] Loading RSA key parameters from file E:\Projets\KafkaConnect_IOT\springkafkamockdata\actions-runner\.credentials_rsaparams
[2024-09-02 22:19:46Z INFO GitHubActionsService] AAD Correlation ID for this token request: Unknown
[2024-09-02 22:20:48Z INFO MessageListener] BrokerMigration message received. Polling Broker for messages...
[2024-09-02 22:21:38Z INFO MessageListener] BrokerMigration message received. Polling Broker for messages...
[2024-09-02 22:22:29Z INFO MessageListener] BrokerMigration message received. Polling Broker for messages...
[2024-09-02 22:23:19Z INFO MessageListener] BrokerMigration message received. Polling Broker for messages...
[2024-09-02 22:24:09Z INFO MessageListener] BrokerMigration message received. Polling Broker for messages...
[2024-09-02 22:25:00Z INFO MessageListener] BrokerMigration message received. Polling Broker for messages...
[2024-09-02 22:25:50Z INFO MessageListener] BrokerMigration message received. Polling Broker for messages...
[2024-09-02 22:26:40Z INFO MessageListener] BrokerMigration message received. Polling Broker for messages...
[2024-09-02 22:27:31Z INFO MessageListener] BrokerMigration message received. Polling Broker for messages...
[2024-09-02 22:28:21Z INFO MessageListener] BrokerMigration message received. Polling Broker for messages...
[2024-09-02 22:29:11Z INFO MessageListener] BrokerMigration message received. Polling Broker for messages...
[2024-09-02 22:30:01Z INFO MessageListener] BrokerMigration message received. Polling Broker for messages...
[2024-09-02 22:30:52Z INFO MessageListener] BrokerMigration message received. Polling Broker for messages...
[2024-09-02 22:31:42Z INFO MessageListener] BrokerMigration message received. Polling Broker for messages...
[2024-09-02 22:32:32Z INFO MessageListener] BrokerMigration message received. Polling Broker for messages...
[2024-09-02 22:33:22Z INFO MessageListener] BrokerMigration message received. Polling Broker for messages...
[2024-09-02 22:34:12Z INFO MessageListener] BrokerMigration message received. Polling Broker for messages...
[2024-09-02 22:35:03Z INFO MessageListener] BrokerMigration message received. Polling Broker for messages...
[2024-09-02 22:35:45Z INFO Terminal] WRITE LINE: Exiting...
[2024-09-02 22:35:45Z INFO ConfigurationStore] IsServiceConfigured()
[2024-09-02 22:35:45Z INFO ConfigurationStore] IsServiceConfigured: False
[2024-09-02 22:35:45Z INFO HostContext] Runner will be shutdown for UserCancelled
[2024-09-02 22:35:45Z WARN GitHubActionsService] GET request to https://broker.actions.githubusercontent.com/message?sessionId=e60ced6d-eb6e-4d30-90a4-72791fad2d7b&status=Online&runnerVersion=2.319.1&os=Windows&architecture=X64&disableUpdate=false has been cancelled.
[2024-09-02 22:35:45Z ERR  BrokerServer] Catch exception during request
[2024-09-02 22:35:45Z ERR  BrokerServer] System.Threading.Tasks.TaskCanceledException: The operation was canceled.
 ---> System.IO.IOException: Unable to read data from the transport connection: L’opération d’entrée/sortie a été abandonnée en raison de l’arrêt d’un thread ou à la demande d’une application..
 ---> System.Net.Sockets.SocketException (995): L’opération d’entrée/sortie a été abandonnée en raison de l’arrêt d’un thread ou à la demande d’une application.
   --- End of inner exception stack trace ---
   at System.Net.Sockets.Socket.AwaitableSocketAsyncEventArgs.ThrowException(SocketError error, CancellationToken cancellationToken)
   at System.Net.Sockets.Socket.AwaitableSocketAsyncEventArgs.System.Threading.Tasks.Sources.IValueTaskSource<System.Int32>.GetResult(Int16 token)
   at System.Net.Security.SslStream.EnsureFullTlsFrameAsync[TIOAdapter](TIOAdapter adapter)
   at System.Net.Security.SslStream.ReadAsyncInternal[TIOAdapter](TIOAdapter adapter, Memory`1 buffer)
   at System.Net.Http.HttpConnection.SendAsyncCore(HttpRequestMessage request, Boolean async, CancellationToken cancellationToken)
   --- End of inner exception stack trace ---
   at System.Net.Http.HttpClient.HandleFailure(Exception e, Boolean telemetryStarted, HttpResponseMessage response, CancellationTokenSource cts, CancellationToken cancellationToken, CancellationTokenSource pendingRequestsCts)
   at System.Net.Http.HttpClient.<SendAsync>g__Core|83_0(HttpRequestMessage request, HttpCompletionOption completionOption, CancellationTokenSource cts, Boolean disposeCts, CancellationTokenSource pendingRequestsCts, CancellationToken originalCancellationToken)
   at Sdk.WebApi.WebApi.RawHttpClientBase.SendAsync(HttpRequestMessage message, HttpCompletionOption completionOption, Object userState, CancellationToken cancellationToken)
   at Sdk.WebApi.WebApi.RawHttpClientBase.SendAsync[T](HttpRequestMessage message, Boolean readErrorBody, Object userState, CancellationToken cancellationToken)
   at Sdk.WebApi.WebApi.RawHttpClientBase.SendAsync[T](HttpMethod method, IEnumerable`1 additionalHeaders, Uri requestUri, HttpContent content, IEnumerable`1 queryParameters, Boolean readErrorBody, Object userState, CancellationToken cancellationToken)
   at GitHub.Actions.RunService.WebApi.BrokerHttpClient.GetRunnerMessageAsync(Nullable`1 sessionId, String runnerVersion, Nullable`1 status, String os, String architecture, Nullable`1 disableUpdate, CancellationToken cancellationToken)
   at GitHub.Runner.Common.BrokerServer.<>c__DisplayClass7_0.<<GetRunnerMessageAsync>b__0>d.MoveNext()
--- End of stack trace from previous location ---
   at GitHub.Runner.Common.RunnerService.RetryRequest[T](Func`1 func, CancellationToken cancellationToken, Int32 maxRetryAttemptsCount, Func`2 shouldRetry)
[2024-09-02 22:35:45Z ERR  BrokerServer] #####################################################
[2024-09-02 22:35:45Z ERR  BrokerServer] System.IO.IOException: Unable to read data from the transport connection: L’opération d’entrée/sortie a été abandonnée en raison de l’arrêt d’un thread ou à la demande d’une application..
 ---> System.Net.Sockets.SocketException (995): L’opération d’entrée/sortie a été abandonnée en raison de l’arrêt d’un thread ou à la demande d’une application.
   --- End of inner exception stack trace ---
   at System.Net.Sockets.Socket.AwaitableSocketAsyncEventArgs.ThrowException(SocketError error, CancellationToken cancellationToken)
   at System.Net.Sockets.Socket.AwaitableSocketAsyncEventArgs.System.Threading.Tasks.Sources.IValueTaskSource<System.Int32>.GetResult(Int16 token)
   at System.Net.Security.SslStream.EnsureFullTlsFrameAsync[TIOAdapter](TIOAdapter adapter)
   at System.Net.Security.SslStream.ReadAsyncInternal[TIOAdapter](TIOAdapter adapter, Memory`1 buffer)
   at System.Net.Http.HttpConnection.SendAsyncCore(HttpRequestMessage request, Boolean async, CancellationToken cancellationToken)
[2024-09-02 22:35:45Z ERR  BrokerServer] #####################################################
[2024-09-02 22:35:45Z ERR  BrokerServer] System.Net.Sockets.SocketException (995): L’opération d’entrée/sortie a été abandonnée en raison de l’arrêt d’un thread ou à la demande d’une application.
[2024-09-02 22:35:45Z WARN BrokerServer] Back off 6.513 seconds before next retry. 4 attempt left.
[2024-09-02 22:35:45Z INFO MessageListener] Get next message has been cancelled.
[2024-09-02 22:35:45Z INFO JobDispatcher] Shutting down JobDispatcher. Make sure all WorkerDispatcher has finished.
[2024-09-02 22:35:45Z INFO Runner] Deleting Runner Session...
[2024-09-02 22:35:45Z INFO Listener] Runner execution been cancelled.
